TN:
SF:passport-config.js
FN:4,initialize
FN:5,(anonymous_1)
FN:23,(anonymous_2)
FN:24,(anonymous_3)
FNF:4
FNH:1
FNDA:1,initialize
FNDA:0,(anonymous_1)
FNDA:0,(anonymous_2)
FNDA:0,(anonymous_3)
DA:1,1
DA:2,1
DA:5,1
DA:6,0
DA:7,0
DA:8,0
DA:11,0
DA:12,0
DA:13,0
DA:15,0
DA:18,0
DA:21,1
DA:23,1
DA:24,1
DA:25,0
DA:29,1
LF:16
LH:7
BRDA:7,0,0,0
BRDA:7,0,1,0
BRDA:12,1,0,0
BRDA:12,1,1,0
BRF:4
BRH:0
end_of_record
TN:
SF:server.js
FN:19,(anonymous_0)
FN:19,(anonymous_1)
FN:20,(anonymous_2)
FN:20,(anonymous_3)
FN:48,(anonymous_4)
FN:52,(anonymous_5)
FN:62,(anonymous_6)
FN:66,(anonymous_7)
FN:75,(anonymous_8)
FN:90,(anonymous_9)
FN:94,(anonymous_10)
FN:101,(anonymous_11)
FN:131,(anonymous_12)
FN:133,(anonymous_13)
FN:136,(anonymous_14)
FN:142,Fuel_quote
FN:150,(anonymous_16)
FN:161,checkAuthenticated
FN:169,checknotAuthenticated
FN:178,(anonymous_19)
FN:181,(anonymous_20)
FN:184,(anonymous_21)
FN:187,(anonymous_22)
FN:190,(anonymous_23)
FN:193,(anonymous_24)
FN:196,(anonymous_25)
FNF:26
FNH:11
FNDA:0,(anonymous_0)
FNDA:0,(anonymous_1)
FNDA:0,(anonymous_2)
FNDA:0,(anonymous_3)
FNDA:0,(anonymous_4)
FNDA:9,(anonymous_5)
FNDA:2,(anonymous_6)
FNDA:0,(anonymous_7)
FNDA:1,(anonymous_8)
FNDA:0,(anonymous_9)
FNDA:0,(anonymous_10)
FNDA:1,(anonymous_11)
FNDA:1,(anonymous_12)
FNDA:0,(anonymous_13)
FNDA:0,(anonymous_14)
FNDA:0,Fuel_quote
FNDA:0,(anonymous_16)
FNDA:6,checkAuthenticated
FNDA:13,checknotAuthenticated
FNDA:0,(anonymous_19)
FNDA:4,(anonymous_20)
FNDA:0,(anonymous_21)
FNDA:0,(anonymous_22)
FNDA:6,(anonymous_23)
FNDA:1,(anonymous_24)
FNDA:1,(anonymous_25)
DA:1,1
DA:2,1
DA:5,1
DA:6,1
DA:7,1
DA:8,1
DA:9,1
DA:10,1
DA:11,1
DA:12,1
DA:13,1
DA:15,1
DA:16,1
DA:17,1
DA:19,0
DA:20,0
DA:23,1
DA:24,1
DA:32,1
DA:34,1
DA:35,1
DA:36,1
DA:37,1
DA:38,1
DA:39,1
DA:44,1
DA:45,1
DA:46,1
DA:48,1
DA:49,0
DA:52,1
DA:53,9
DA:56,1
DA:62,1
DA:63,2
DA:66,1
DA:67,0
DA:75,1
DA:76,1
DA:77,1
DA:78,0
DA:83,0
DA:85,1
DA:90,1
DA:91,0
DA:94,1
DA:95,0
DA:97,0
DA:98,0
DA:101,1
DA:102,1
DA:103,1
DA:107,1
DA:131,1
DA:133,1
DA:134,0
DA:136,1
DA:139,0
DA:143,0
DA:144,0
DA:145,0
DA:146,0
DA:147,0
DA:150,1
DA:151,0
DA:156,0
DA:157,0
DA:162,6
DA:163,0
DA:166,6
DA:170,13
DA:171,0
DA:173,13
DA:176,1
DA:177,1
DA:179,0
DA:182,4
DA:185,0
DA:188,0
DA:191,6
DA:194,1
DA:196,1
LF:82
LH:57
BRDA:1,0,0,1
BRDA:1,0,1,0
BRDA:162,1,0,0
BRDA:162,1,1,6
BRDA:170,2,0,0
BRDA:170,2,1,13
BRDA:176,3,0,1
BRDA:176,3,1,1
BRF:8
BRH:5
end_of_record
